=== RUN DATA ===
N: 21
Variant: jenga
Steps: 2

--- ONE_SHOT STDOUT ---

=== Quantum LABS Simulation (JENGA) ===
N=21, Shots=100000, Steps=2
Computing Counter-Diabatic angles...
Running Kernel: jenga (Single Run)...
Collected 128 elite candidates from 100000 shots.
--> Exporting 128 samples to 'warm_starts/warm_n21_st2_vjenga.txt' (Target Size: 128)...
=== Complete ===


--- ONE_SHOT STDERR ---

--- RUNOPT STDOUT ---
>>> Injected 128 Elite Candidates from warm_starts/warm_n21_st2_vjenga.txt
>>> Remaining 8064 are Random.
--- Starting Optimization (N=21, Target=26) ---

============================================================
RESULTS FOR N=21
------------------------------------------------------------
Status:             SUCCESS
Best Energy:        26 (Target: 26)
Direct TTS (sec):   0.0017 s
Total Moves:        8192000
Equivalent Evals:   172032000
Throughput:         4711.1082 M-Moves/sec
Best Bitstring:     001111111001101010110
============================================================

--- RUNOPT STDERR ---


PARSED METRICS:
Total Moves: 8192000
Equiv Evals: 172032000
Best Bitstring: 001111111001101010110
