=== JENGA BENCHMARK ===
N: 13
Method: trig
Steps: 10
--- SIMULATION STDOUT ---

=== Quantum LABS Simulation (JENGA) ===
N=13, Shots=100000, Steps=10, Lambda=trig
Simulation Complete. Candidates exported to warm_starts/warm_n13_st10_vjenga_m_trig.bin

--- SIMULATION STDERR ---

--- RUNOPT STDOUT ---
>>> Injected 128 Elite Candidates from warm_starts/warm_n13_st10_vjenga_m_trig.bin
>>> Remaining 8064 are Random.
--- Starting Optimization (N=13, Target=6) ---

============================================================
RESULTS FOR N=13
------------------------------------------------------------
Status:             SUCCESS
Best Energy:        6 (Target: 6)
Direct TTS (sec):   0.0005 s
Total Moves:        8192000
Equivalent Evals:   106496000
Throughput:         15172.6182 M-Moves/sec
Best Bitstring:     0101001100000
============================================================

--- RUNOPT STDERR ---

