=== RUN DATA ===
N: 11
Variant: jenga
Steps: 2

--- ONE_SHOT STDOUT ---

=== Quantum LABS Simulation (JENGA) ===
N=11, Shots=100000, Steps=2
Computing Counter-Diabatic angles...
Running Kernel: jenga (Single Run)...
Collected 128 elite candidates from 100000 shots.
--> Exporting 128 samples to 'warm_starts/warm_n11_st2_vjenga.txt' (Target Size: 128)...
=== Complete ===


--- ONE_SHOT STDERR ---

--- RUNOPT STDOUT ---
>>> Injected 128 Elite Candidates from warm_starts/warm_n11_st2_vjenga.txt
>>> Remaining 8064 are Random.
--- Starting Optimization (N=11, Target=5) ---

============================================================
RESULTS FOR N=11
------------------------------------------------------------
Status:             SUCCESS
Best Energy:        5 (Target: 5)
Direct TTS (sec):   0.0005 s
Total Moves:        8192000
Equivalent Evals:   90112000
Throughput:         17738.2440 M-Moves/sec
Best Bitstring:     11100010010
============================================================

--- RUNOPT STDERR ---


PARSED METRICS:
Total Moves: 8192000
Equiv Evals: 90112000
Best Bitstring: 11100010010
