=== BEYBLADE BENCHMARK ===
N: 13
Method: cuberoot
Steps: 10
--- SIMULATION STDOUT ---

=== Quantum LABS Simulation (BEYBLADE) ===
N=13, Shots=100000, Steps=10, Lambda=cuberoot
Simulation Complete. Candidates exported to warm_starts/warm_n13_st10_vbeyblade_m_cuberoot.bin

--- SIMULATION STDERR ---

--- RUNOPT STDOUT ---
>>> Injected 128 Elite Candidates from warm_starts/warm_n13_st10_vbeyblade_m_cuberoot.bin
>>> Remaining 8064 are Random.
--- Starting Optimization (N=13, Target=6) ---

============================================================
RESULTS FOR N=13
------------------------------------------------------------
Status:             SUCCESS
Best Energy:        6 (Target: 6)
Direct TTS (sec):   0.0006 s
Total Moves:        8192000
Equivalent Evals:   106496000
Throughput:         14795.2024 M-Moves/sec
Best Bitstring:     1010110011111
============================================================

--- RUNOPT STDERR ---

