=== RUN DATA ===
N: 29
Variant: jenga
Steps: 1

--- ONE_SHOT STDOUT ---

=== Quantum LABS Simulation (JENGA) ===
N=29, Shots=100000, Steps=1
Computing Counter-Diabatic angles...
Running Kernel: jenga (Single Run)...
Collected 128 elite candidates from 100000 shots.
--> Exporting 128 samples to 'warm_starts/warm_n29_st1_vjenga.txt' (Target Size: 128)...
=== Complete ===


--- ONE_SHOT STDERR ---

--- RUNOPT STDOUT ---
>>> Injected 128 Elite Candidates from warm_starts/warm_n29_st1_vjenga.txt
>>> Remaining 8064 are Random.
--- Starting Optimization (N=29, Target=62) ---

============================================================
RESULTS FOR N=29
------------------------------------------------------------
Status:             SUCCESS
Best Energy:        62 (Target: 62)
Direct TTS (sec):   0.0242 s
Total Moves:        8192000
Equivalent Evals:   237568000
Throughput:         339.1497 M-Moves/sec
Best Bitstring:     10110010010101000000011100111
============================================================

--- RUNOPT STDERR ---


PARSED METRICS:
Total Moves: 8192000
Equiv Evals: 237568000
Best Bitstring: 10110010010101000000011100111
