=== BEYBLADE BENCHMARK ===
N: 11
Method: trig
Steps: 100
--- SIMULATION STDOUT ---

=== Quantum LABS Simulation (BEYBLADE) ===
N=11, Shots=100000, Steps=10, Lambda=trig
Simulation Complete. Candidates exported to warm_starts/warm_n11_st100_vbeyblade_m_trig.bin

--- SIMULATION STDERR ---

--- RUNOPT STDOUT ---
>>> Injected 128 Elite Candidates from warm_starts/warm_n11_st100_vbeyblade_m_trig.bin
>>> Remaining 8064 are Random.
--- Starting Optimization (N=11, Target=5) ---

============================================================
RESULTS FOR N=11
------------------------------------------------------------
Status:             SUCCESS
Best Energy:        5 (Target: 5)
Direct TTS (sec):   0.0005 s
Total Moves:        8192000
Equivalent Evals:   90112000
Throughput:         17577.3246 M-Moves/sec
Best Bitstring:     01001000111
============================================================

--- RUNOPT STDERR ---

