=== BEYBLADE BENCHMARK ===
N: 11
Method: cuberoot
Steps: 10
--- SIMULATION STDOUT ---

=== Quantum LABS Simulation (BEYBLADE) ===
N=11, Shots=100000, Steps=10, Lambda=cuberoot
Simulation Complete. Candidates exported to warm_starts/warm_n11_st10_vbeyblade_m_cuberoot.bin

--- SIMULATION STDERR ---

--- RUNOPT STDOUT ---
>>> Injected 128 Elite Candidates from warm_starts/warm_n11_st10_vbeyblade_m_cuberoot.bin
>>> Remaining 8064 are Random.
--- Starting Optimization (N=11, Target=5) ---

============================================================
RESULTS FOR N=11
------------------------------------------------------------
Status:             SUCCESS
Best Energy:        5 (Target: 5)
Direct TTS (sec):   0.0005 s
Total Moves:        8192000
Equivalent Evals:   90112000
Throughput:         17972.3219 M-Moves/sec
Best Bitstring:     10110111000
============================================================

--- RUNOPT STDERR ---

