=== RUN DATA ===
N: 14
Variant: beyblade
Steps: 1

--- ONE_SHOT STDOUT ---

=== Quantum LABS Simulation (BEYBLADE) ===
N=14, Shots=100000, Steps=1
Computing Counter-Diabatic angles...
Running Kernel: beyblade (Single Run)...
Collected 128 elite candidates from 100000 shots.
--> Exporting 128 samples to 'warm_starts/warm_n14_st1_vbeyblade.txt' (Target Size: 128)...
=== Complete ===


--- ONE_SHOT STDERR ---

--- RUNOPT STDOUT ---
>>> Injected 128 Elite Candidates from warm_starts/warm_n14_st1_vbeyblade.txt
>>> Remaining 8064 are Random.
--- Starting Optimization (N=14, Target=19) ---

============================================================
RESULTS FOR N=14
------------------------------------------------------------
Status:             SUCCESS
Best Energy:        19 (Target: 19)
Direct TTS (sec):   0.0005 s
Total Moves:        8192000
Equivalent Evals:   114688000
Throughput:         15283.1544 M-Moves/sec
Best Bitstring:     10000001100101
============================================================

--- RUNOPT STDERR ---


PARSED METRICS:
Total Moves: 8192000
Equiv Evals: 114688000
Best Bitstring: 10000001100101
