=== BEYBLADE BENCHMARK ===
N: 8
Method: linear
Steps: 100
--- SIMULATION STDOUT ---

=== Quantum LABS Simulation (BEYBLADE) ===
N=8, Shots=100000, Steps=10, Lambda=linear
Simulation Complete. Candidates exported to warm_starts/warm_n8_st100_vbeyblade_m_linear.bin

--- SIMULATION STDERR ---

--- RUNOPT STDOUT ---
>>> Injected 128 Elite Candidates from warm_starts/warm_n8_st100_vbeyblade_m_linear.bin
>>> Remaining 8064 are Random.
--- Starting Optimization (N=8, Target=8) ---

============================================================
RESULTS FOR N=8
------------------------------------------------------------
Status:             SUCCESS
Best Energy:        8 (Target: 8)
Direct TTS (sec):   0.0003 s
Total Moves:        8192000
Equivalent Evals:   65536000
Throughput:         26062.9430 M-Moves/sec
Best Bitstring:     10100111
============================================================

--- RUNOPT STDERR ---

