=== RUN DATA ===
N: 17
Variant: dna
Steps: 1

--- ONE_SHOT STDOUT ---

=== Quantum LABS Simulation (DNA) ===
N=17, Shots=100000, Steps=1
Computing Counter-Diabatic angles...
Running Kernel: dna (Single Run)...
Collected 128 elite candidates from 100000 shots.
--> Exporting 128 samples to 'warm_starts/warm_n17_st1_vdna.txt' (Target Size: 128)...
=== Complete ===


--- ONE_SHOT STDERR ---

--- RUNOPT STDOUT ---
>>> Injected 128 Elite Candidates from warm_starts/warm_n17_st1_vdna.txt
>>> Remaining 8064 are Random.
--- Starting Optimization (N=17, Target=32) ---

============================================================
RESULTS FOR N=17
------------------------------------------------------------
Status:             SUCCESS
Best Energy:        32 (Target: 32)
Direct TTS (sec):   0.0007 s
Total Moves:        8192000
Equivalent Evals:   139264000
Throughput:         11161.0519 M-Moves/sec
Best Bitstring:     10111011011110000
============================================================

--- RUNOPT STDERR ---


PARSED METRICS:
Total Moves: 8192000
Equiv Evals: 139264000
Best Bitstring: 10111011011110000
