=== RUN DATA ===
N: 7
Variant: beyblade
Steps: 1

--- ONE_SHOT STDOUT ---

=== Quantum LABS Simulation (BEYBLADE) ===
N=7, Shots=100000, Steps=1
Computing Counter-Diabatic angles...
Running Kernel: beyblade (Single Run)...
Collected 126 elite candidates from 100000 shots.
--> Exporting 126 samples to 'warm_starts/warm_n7_st1_vbeyblade.txt' (Target Size: 128)...
=== Complete ===


--- ONE_SHOT STDERR ---

--- RUNOPT STDOUT ---
>>> Injected 128 Elite Candidates from warm_starts/warm_n7_st1_vbeyblade.txt
>>> Remaining 8064 are Random.
--- Starting Optimization (N=7, Target=3) ---

============================================================
RESULTS FOR N=7
------------------------------------------------------------
Status:             SUCCESS
Best Energy:        3 (Target: 3)
Direct TTS (sec):   0.0004 s
Total Moves:        8192000
Equivalent Evals:   57344000
Throughput:         23381.0640 M-Moves/sec
Best Bitstring:     1011000
============================================================

--- RUNOPT STDERR ---


PARSED METRICS:
Total Moves: 8192000
Equiv Evals: 57344000
Best Bitstring: 1011000
