=== JENGA BENCHMARK ===
N: 7
Method: trig
Steps: 10
--- SIMULATION STDOUT ---

=== Quantum LABS Simulation (JENGA) ===
N=7, Shots=100000, Steps=10, Lambda=trig
Simulation Complete. Candidates exported to warm_starts/warm_n7_st10_vjenga_m_trig.bin

--- SIMULATION STDERR ---

--- RUNOPT STDOUT ---
>>> Injected 128 Elite Candidates from warm_starts/warm_n7_st10_vjenga_m_trig.bin
>>> Remaining 8064 are Random.
--- Starting Optimization (N=7, Target=3) ---

============================================================
RESULTS FOR N=7
------------------------------------------------------------
Status:             SUCCESS
Best Energy:        3 (Target: 3)
Direct TTS (sec):   0.0003 s
Total Moves:        8192000
Equivalent Evals:   57344000
Throughput:         25032.1611 M-Moves/sec
Best Bitstring:     0001101
============================================================

--- RUNOPT STDERR ---

