=== RUN DATA ===
N: 2
Variant: beyblade
Steps: 2

--- ONE_SHOT STDOUT ---

=== Quantum LABS Simulation (BEYBLADE) ===
N=2, Shots=100000, Steps=2
Computing Counter-Diabatic angles...
Running Kernel: beyblade (Single Run)...
Collected 4 elite candidates from 100000 shots.
--> Exporting 4 samples to 'warm_starts/warm_n2_st2_vbeyblade.txt' (Target Size: 128)...
=== Complete ===


--- ONE_SHOT STDERR ---

--- RUNOPT STDOUT ---
>>> Injected 128 Elite Candidates from warm_starts/warm_n2_st2_vbeyblade.txt
>>> Remaining 8064 are Random.
--- Starting Optimization (N=2, Target=0) ---

============================================================
RESULTS FOR N=2
------------------------------------------------------------
Status:             TIMEOUT
Best Energy:        1 (Target: 0)
Runtime (sec):      0.0002 s (Not Solved)
Total Moves:        8192000
Equivalent Evals:   16384000
Throughput:         36580.9004 M-Moves/sec
Best Bitstring:     11
============================================================

--- RUNOPT STDERR ---


PARSED METRICS:
Total Moves: 8192000
Equiv Evals: 16384000
Best Bitstring: 11
