=== RUN DATA ===
N: 26
Variant: jenga
Steps: 2

--- ONE_SHOT STDOUT ---

=== Quantum LABS Simulation (JENGA) ===
N=26, Shots=100000, Steps=2
Computing Counter-Diabatic angles...
Running Kernel: jenga (Single Run)...
Collected 128 elite candidates from 100000 shots.
--> Exporting 128 samples to 'warm_starts/warm_n26_st2_vjenga.txt' (Target Size: 128)...
=== Complete ===


--- ONE_SHOT STDERR ---

--- RUNOPT STDOUT ---
>>> Injected 128 Elite Candidates from warm_starts/warm_n26_st2_vjenga.txt
>>> Remaining 8064 are Random.
--- Starting Optimization (N=26, Target=45) ---

============================================================
RESULTS FOR N=26
------------------------------------------------------------
Status:             SUCCESS
Best Energy:        45 (Target: 45)
Direct TTS (sec):   0.0232 s
Total Moves:        8192000
Equivalent Evals:   212992000
Throughput:         352.4503 M-Moves/sec
Best Bitstring:     00000011100111010101101101
============================================================

--- RUNOPT STDERR ---


PARSED METRICS:
Total Moves: 8192000
Equiv Evals: 212992000
Best Bitstring: 00000011100111010101101101
