=== DNA BENCHMARK ===
N: 3
Method: trig
Steps: 10
--- SIMULATION STDOUT ---

=== Quantum LABS Simulation (DNA) ===
N=3, Shots=100000, Steps=10, Lambda=trig
Simulation Complete. Candidates exported to warm_starts/warm_n3_st10_vdna_m_trig.bin

--- SIMULATION STDERR ---

--- RUNOPT STDOUT ---
>>> Injected 128 Elite Candidates from warm_starts/warm_n3_st10_vdna_m_trig.bin
>>> Remaining 8064 are Random.
--- Starting Optimization (N=3, Target=1) ---

============================================================
RESULTS FOR N=3
------------------------------------------------------------
Status:             SUCCESS
Best Energy:        1 (Target: 1)
Direct TTS (sec):   0.0002 s
Total Moves:        8192000
Equivalent Evals:   24576000
Throughput:         36331.2208 M-Moves/sec
Best Bitstring:     110
============================================================

--- RUNOPT STDERR ---

