=== BEYBLADE BENCHMARK ===
N: 4
Method: cuberoot
Steps: 10
--- SIMULATION STDOUT ---

=== Quantum LABS Simulation (BEYBLADE) ===
N=4, Shots=100000, Steps=10, Lambda=cuberoot
Simulation Complete. Candidates exported to warm_starts/warm_n4_st10_vbeyblade_m_cuberoot.bin

--- SIMULATION STDERR ---

--- RUNOPT STDOUT ---
>>> Injected 128 Elite Candidates from warm_starts/warm_n4_st10_vbeyblade_m_cuberoot.bin
>>> Remaining 8064 are Random.
--- Starting Optimization (N=4, Target=2) ---

============================================================
RESULTS FOR N=4
------------------------------------------------------------
Status:             SUCCESS
Best Energy:        2 (Target: 2)
Direct TTS (sec):   0.0003 s
Total Moves:        8192000
Equivalent Evals:   32768000
Throughput:         31989.0038 M-Moves/sec
Best Bitstring:     0111
============================================================

--- RUNOPT STDERR ---

