=== RUN DATA ===
N: 12
Variant: dna
Steps: 1

--- ONE_SHOT STDOUT ---

=== Quantum LABS Simulation (DNA) ===
N=12, Shots=100000, Steps=1
Computing Counter-Diabatic angles...
Running Kernel: dna (Single Run)...
Collected 128 elite candidates from 100000 shots.
--> Exporting 128 samples to 'warm_starts/warm_n12_st1_vdna.txt' (Target Size: 128)...
=== Complete ===


--- ONE_SHOT STDERR ---

--- RUNOPT STDOUT ---
>>> Injected 128 Elite Candidates from warm_starts/warm_n12_st1_vdna.txt
>>> Remaining 8064 are Random.
--- Starting Optimization (N=12, Target=10) ---

============================================================
RESULTS FOR N=12
------------------------------------------------------------
Status:             SUCCESS
Best Energy:        10 (Target: 10)
Direct TTS (sec):   0.0005 s
Total Moves:        8192000
Equivalent Evals:   98304000
Throughput:         15708.8644 M-Moves/sec
Best Bitstring:     111110011010
============================================================

--- RUNOPT STDERR ---


PARSED METRICS:
Total Moves: 8192000
Equiv Evals: 98304000
Best Bitstring: 111110011010
