=== RUN DATA ===
N: 24
Variant: dna
Steps: 2

--- ONE_SHOT STDOUT ---

=== Quantum LABS Simulation (DNA) ===
N=24, Shots=100000, Steps=2
Computing Counter-Diabatic angles...
Running Kernel: dna (Single Run)...
Collected 128 elite candidates from 100000 shots.
--> Exporting 128 samples to 'warm_starts/warm_n24_st2_vdna.txt' (Target Size: 128)...
=== Complete ===


--- ONE_SHOT STDERR ---

--- RUNOPT STDOUT ---
>>> Injected 128 Elite Candidates from warm_starts/warm_n24_st2_vdna.txt
>>> Remaining 8064 are Random.
--- Starting Optimization (N=24, Target=36) ---

============================================================
RESULTS FOR N=24
------------------------------------------------------------
Status:             SUCCESS
Best Energy:        36 (Target: 36)
Direct TTS (sec):   0.0156 s
Total Moves:        8192000
Equivalent Evals:   196608000
Throughput:         525.0364 M-Moves/sec
Best Bitstring:     011011010101111110001100
============================================================

--- RUNOPT STDERR ---


PARSED METRICS:
Total Moves: 8192000
Equiv Evals: 196608000
Best Bitstring: 011011010101111110001100
