=== RUN DATA ===
N: 4
Variant: beyblade
Steps: 1

--- ONE_SHOT STDOUT ---

=== Quantum LABS Simulation (BEYBLADE) ===
N=4, Shots=100000, Steps=1
Computing Counter-Diabatic angles...
Running Kernel: beyblade (Single Run)...
Collected 16 elite candidates from 100000 shots.
--> Exporting 16 samples to 'warm_starts/warm_n4_st1_vbeyblade.txt' (Target Size: 128)...
=== Complete ===


--- ONE_SHOT STDERR ---

--- RUNOPT STDOUT ---
>>> Injected 128 Elite Candidates from warm_starts/warm_n4_st1_vbeyblade.txt
>>> Remaining 8064 are Random.
--- Starting Optimization (N=4, Target=2) ---

============================================================
RESULTS FOR N=4
------------------------------------------------------------
Status:             SUCCESS
Best Energy:        2 (Target: 2)
Direct TTS (sec):   0.0004 s
Total Moves:        8192000
Equivalent Evals:   32768000
Throughput:         22930.3999 M-Moves/sec
Best Bitstring:     0010
============================================================

--- RUNOPT STDERR ---


PARSED METRICS:
Total Moves: 8192000
Equiv Evals: 32768000
Best Bitstring: 0010
