=== RUN DATA ===
N: 11
Variant: beyblade
Steps: 1

--- ONE_SHOT STDOUT ---

=== Quantum LABS Simulation (BEYBLADE) ===
N=11, Shots=100000, Steps=1
Computing Counter-Diabatic angles...
Running Kernel: beyblade (Single Run)...
Collected 128 elite candidates from 100000 shots.
--> Exporting 128 samples to 'warm_starts/warm_n11_st1_vbeyblade.txt' (Target Size: 128)...
=== Complete ===


--- ONE_SHOT STDERR ---

--- RUNOPT STDOUT ---
>>> Injected 128 Elite Candidates from warm_starts/warm_n11_st1_vbeyblade.txt
>>> Remaining 8064 are Random.
--- Starting Optimization (N=11, Target=5) ---

============================================================
RESULTS FOR N=11
------------------------------------------------------------
Status:             SUCCESS
Best Energy:        5 (Target: 5)
Direct TTS (sec):   0.0005 s
Total Moves:        8192000
Equivalent Evals:   90112000
Throughput:         17779.2439 M-Moves/sec
Best Bitstring:     10110111000
============================================================

--- RUNOPT STDERR ---


PARSED METRICS:
Total Moves: 8192000
Equiv Evals: 90112000
Best Bitstring: 10110111000
