=== BEYBLADE BENCHMARK ===
N: 8
Method: cuberoot
Steps: 10
--- SIMULATION STDOUT ---

=== Quantum LABS Simulation (BEYBLADE) ===
N=8, Shots=100000, Steps=10, Lambda=cuberoot
Simulation Complete. Candidates exported to warm_starts/warm_n8_st10_vbeyblade_m_cuberoot.bin

--- SIMULATION STDERR ---

--- RUNOPT STDOUT ---
>>> Injected 128 Elite Candidates from warm_starts/warm_n8_st10_vbeyblade_m_cuberoot.bin
>>> Remaining 8064 are Random.
--- Starting Optimization (N=8, Target=8) ---

============================================================
RESULTS FOR N=8
------------------------------------------------------------
Status:             SUCCESS
Best Energy:        8 (Target: 8)
Direct TTS (sec):   0.0003 s
Total Moves:        8192000
Equivalent Evals:   65536000
Throughput:         26168.7617 M-Moves/sec
Best Bitstring:     01011000
============================================================

--- RUNOPT STDERR ---

