=== RUN DATA ===
N: 8
Variant: jenga
Steps: 2

--- ONE_SHOT STDOUT ---

=== Quantum LABS Simulation (JENGA) ===
N=8, Shots=100000, Steps=2
Computing Counter-Diabatic angles...
Running Kernel: jenga (Single Run)...
Collected 128 elite candidates from 100000 shots.
--> Exporting 128 samples to 'warm_starts/warm_n8_st2_vjenga.txt' (Target Size: 128)...
=== Complete ===


--- ONE_SHOT STDERR ---

--- RUNOPT STDOUT ---
>>> Injected 128 Elite Candidates from warm_starts/warm_n8_st2_vjenga.txt
>>> Remaining 8064 are Random.
--- Starting Optimization (N=8, Target=8) ---

============================================================
RESULTS FOR N=8
------------------------------------------------------------
Status:             SUCCESS
Best Energy:        8 (Target: 8)
Direct TTS (sec):   0.0003 s
Total Moves:        8192000
Equivalent Evals:   65536000
Throughput:         25903.0659 M-Moves/sec
Best Bitstring:     11110010
============================================================

--- RUNOPT STDERR ---


PARSED METRICS:
Total Moves: 8192000
Equiv Evals: 65536000
Best Bitstring: 11110010
