=== DNA BENCHMARK ===
N: 17
Method: trig
Steps: 10
--- SIMULATION STDOUT ---

=== Quantum LABS Simulation (DNA) ===
N=17, Shots=100000, Steps=10, Lambda=trig
Simulation Complete. Candidates exported to warm_starts/warm_n17_st10_vdna_m_trig.bin

--- SIMULATION STDERR ---

--- RUNOPT STDOUT ---
>>> Injected 128 Elite Candidates from warm_starts/warm_n17_st10_vdna_m_trig.bin
>>> Remaining 8064 are Random.
--- Starting Optimization (N=17, Target=32) ---

============================================================
RESULTS FOR N=17
------------------------------------------------------------
Status:             SUCCESS
Best Energy:        32 (Target: 32)
Direct TTS (sec):   0.0007 s
Total Moves:        8192000
Equivalent Evals:   139264000
Throughput:         11242.2925 M-Moves/sec
Best Bitstring:     10100110001111110
============================================================

--- RUNOPT STDERR ---

