=== BEYBLADE BENCHMARK ===
N: 12
Method: cuberoot
Steps: 100
--- SIMULATION STDOUT ---

=== Quantum LABS Simulation (BEYBLADE) ===
N=12, Shots=100000, Steps=10, Lambda=cuberoot
Simulation Complete. Candidates exported to warm_starts/warm_n12_st100_vbeyblade_m_cuberoot.bin

--- SIMULATION STDERR ---

--- RUNOPT STDOUT ---
>>> Injected 128 Elite Candidates from warm_starts/warm_n12_st100_vbeyblade_m_cuberoot.bin
>>> Remaining 8064 are Random.
--- Starting Optimization (N=12, Target=10) ---

============================================================
RESULTS FOR N=12
------------------------------------------------------------
Status:             SUCCESS
Best Energy:        10 (Target: 10)
Direct TTS (sec):   0.0005 s
Total Moves:        8192000
Equivalent Evals:   98304000
Throughput:         16288.2576 M-Moves/sec
Best Bitstring:     101001100000
============================================================

--- RUNOPT STDERR ---

