=== BEYBLADE BENCHMARK ===
N: 21
Method: cuberoot
Steps: 10
--- SIMULATION STDOUT ---

=== Quantum LABS Simulation (BEYBLADE) ===
N=21, Shots=100000, Steps=10, Lambda=cuberoot
Simulation Complete. Candidates exported to warm_starts/warm_n21_st10_vbeyblade_m_cuberoot.bin

--- SIMULATION STDERR ---

--- RUNOPT STDOUT ---
>>> Injected 128 Elite Candidates from warm_starts/warm_n21_st10_vbeyblade_m_cuberoot.bin
>>> Remaining 8064 are Random.
--- Starting Optimization (N=21, Target=26) ---

============================================================
RESULTS FOR N=21
------------------------------------------------------------
Status:             SUCCESS
Best Energy:        26 (Target: 26)
Direct TTS (sec):   0.0018 s
Total Moves:        8192000
Equivalent Evals:   172032000
Throughput:         4642.3119 M-Moves/sec
Best Bitstring:     110000000110010101001
============================================================

--- RUNOPT STDERR ---

