=== RUN DATA ===
N: 11
Variant: dna
Steps: 1

--- ONE_SHOT STDOUT ---

=== Quantum LABS Simulation (DNA) ===
N=11, Shots=100000, Steps=1
Computing Counter-Diabatic angles...
Running Kernel: dna (Single Run)...
Collected 128 elite candidates from 100000 shots.
--> Exporting 128 samples to 'warm_starts/warm_n11_st1_vdna.txt' (Target Size: 128)...
=== Complete ===


--- ONE_SHOT STDERR ---

--- RUNOPT STDOUT ---
>>> Injected 128 Elite Candidates from warm_starts/warm_n11_st1_vdna.txt
>>> Remaining 8064 are Random.
--- Starting Optimization (N=11, Target=5) ---

============================================================
RESULTS FOR N=11
------------------------------------------------------------
Status:             SUCCESS
Best Energy:        5 (Target: 5)
Direct TTS (sec):   0.0005 s
Total Moves:        8192000
Equivalent Evals:   90112000
Throughput:         16782.9990 M-Moves/sec
Best Bitstring:     01001000111
============================================================

--- RUNOPT STDERR ---


PARSED METRICS:
Total Moves: 8192000
Equiv Evals: 90112000
Best Bitstring: 01001000111
