=== RUN DATA ===
N: 28
Variant: dna
Steps: 1

--- ONE_SHOT STDOUT ---

=== Quantum LABS Simulation (DNA) ===
N=28, Shots=100000, Steps=1
Computing Counter-Diabatic angles...
Running Kernel: dna (Single Run)...
Collected 128 elite candidates from 100000 shots.
--> Exporting 128 samples to 'warm_starts/warm_n28_st1_vdna.txt' (Target Size: 128)...
=== Complete ===


--- ONE_SHOT STDERR ---

--- RUNOPT STDOUT ---
>>> Injected 128 Elite Candidates from warm_starts/warm_n28_st1_vdna.txt
>>> Remaining 8064 are Random.
--- Starting Optimization (N=28, Target=50) ---

============================================================
RESULTS FOR N=28
------------------------------------------------------------
Status:             SUCCESS
Best Energy:        50 (Target: 50)
Direct TTS (sec):   0.0236 s
Total Moves:        8192000
Equivalent Evals:   229376000
Throughput:         346.8975 M-Moves/sec
Best Bitstring:     0001111000100010001001011011
============================================================

--- RUNOPT STDERR ---


PARSED METRICS:
Total Moves: 8192000
Equiv Evals: 229376000
Best Bitstring: 0001111000100010001001011011
