=== RUN DATA ===
N: 19
Variant: jenga
Steps: 2

--- ONE_SHOT STDOUT ---

=== Quantum LABS Simulation (JENGA) ===
N=19, Shots=100000, Steps=2
Computing Counter-Diabatic angles...
Running Kernel: jenga (Single Run)...
Collected 128 elite candidates from 100000 shots.
--> Exporting 128 samples to 'warm_starts/warm_n19_st2_vjenga.txt' (Target Size: 128)...
=== Complete ===


--- ONE_SHOT STDERR ---

--- RUNOPT STDOUT ---
>>> Injected 128 Elite Candidates from warm_starts/warm_n19_st2_vjenga.txt
>>> Remaining 8064 are Random.
--- Starting Optimization (N=19, Target=29) ---

============================================================
RESULTS FOR N=19
------------------------------------------------------------
Status:             SUCCESS
Best Energy:        29 (Target: 29)
Direct TTS (sec):   0.0010 s
Total Moves:        8192000
Equivalent Evals:   155648000
Throughput:         8351.9652 M-Moves/sec
Best Bitstring:     1010000001011001110
============================================================

--- RUNOPT STDERR ---


PARSED METRICS:
Total Moves: 8192000
Equiv Evals: 155648000
Best Bitstring: 1010000001011001110
