=== BEYBLADE BENCHMARK ===
N: 22
Method: trig
Steps: 10
--- SIMULATION STDOUT ---

=== Quantum LABS Simulation (BEYBLADE) ===
N=22, Shots=100000, Steps=10, Lambda=trig
Simulation Complete. Candidates exported to warm_starts/warm_n22_st10_vbeyblade_m_trig.bin

--- SIMULATION STDERR ---

--- RUNOPT STDOUT ---
>>> Injected 128 Elite Candidates from warm_starts/warm_n22_st10_vbeyblade_m_trig.bin
>>> Remaining 8064 are Random.
--- Starting Optimization (N=22, Target=39) ---

============================================================
RESULTS FOR N=22
------------------------------------------------------------
Status:             SUCCESS
Best Energy:        39 (Target: 39)
Direct TTS (sec):   0.0035 s
Total Moves:        8192000
Equivalent Evals:   180224000
Throughput:         2339.5768 M-Moves/sec
Best Bitstring:     0110110011100000001010
============================================================

--- RUNOPT STDERR ---

