=== BEYBLADE BENCHMARK ===
N: 12
Method: sqrt
Steps: 10
--- SIMULATION STDOUT ---

=== Quantum LABS Simulation (BEYBLADE) ===
N=12, Shots=100000, Steps=10, Lambda=sqrt
Simulation Complete. Candidates exported to warm_starts/warm_n12_st10_vbeyblade_m_sqrt.bin

--- SIMULATION STDERR ---

--- RUNOPT STDOUT ---
>>> Injected 128 Elite Candidates from warm_starts/warm_n12_st10_vbeyblade_m_sqrt.bin
>>> Remaining 8064 are Random.
--- Starting Optimization (N=12, Target=10) ---

============================================================
RESULTS FOR N=12
------------------------------------------------------------
Status:             SUCCESS
Best Energy:        10 (Target: 10)
Direct TTS (sec):   0.0005 s
Total Moves:        8192000
Equivalent Evals:   98304000
Throughput:         16040.2887 M-Moves/sec
Best Bitstring:     110011111010
============================================================

--- RUNOPT STDERR ---

