=== BEYBLADE BENCHMARK ===
N: 16
Method: cuberoot
Steps: 10
--- SIMULATION STDOUT ---

=== Quantum LABS Simulation (BEYBLADE) ===
N=16, Shots=100000, Steps=10, Lambda=cuberoot
Simulation Complete. Candidates exported to warm_starts/warm_n16_st10_vbeyblade_m_cuberoot.bin

--- SIMULATION STDERR ---

--- RUNOPT STDOUT ---
>>> Injected 128 Elite Candidates from warm_starts/warm_n16_st10_vbeyblade_m_cuberoot.bin
>>> Remaining 8064 are Random.
--- Starting Optimization (N=16, Target=24) ---

============================================================
RESULTS FOR N=16
------------------------------------------------------------
Status:             SUCCESS
Best Energy:        24 (Target: 24)
Direct TTS (sec):   0.0007 s
Total Moves:        8192000
Equivalent Evals:   131072000
Throughput:         12128.9650 M-Moves/sec
Best Bitstring:     1100000010100110
============================================================

--- RUNOPT STDERR ---

