=== RUN DATA ===
N: 6
Variant: beyblade
Steps: 2

--- ONE_SHOT STDOUT ---

=== Quantum LABS Simulation (BEYBLADE) ===
N=6, Shots=100000, Steps=2
Computing Counter-Diabatic angles...
Running Kernel: beyblade (Single Run)...
Collected 64 elite candidates from 100000 shots.
--> Exporting 64 samples to 'warm_starts/warm_n6_st2_vbeyblade.txt' (Target Size: 128)...
=== Complete ===


--- ONE_SHOT STDERR ---

--- RUNOPT STDOUT ---
>>> Injected 128 Elite Candidates from warm_starts/warm_n6_st2_vbeyblade.txt
>>> Remaining 8064 are Random.
--- Starting Optimization (N=6, Target=7) ---

============================================================
RESULTS FOR N=6
------------------------------------------------------------
Status:             SUCCESS
Best Energy:        7 (Target: 7)
Direct TTS (sec):   0.0003 s
Total Moves:        8192000
Equivalent Evals:   49152000
Throughput:         27865.7464 M-Moves/sec
Best Bitstring:     101000
============================================================

--- RUNOPT STDERR ---


PARSED METRICS:
Total Moves: 8192000
Equiv Evals: 49152000
Best Bitstring: 101000
