=== RUN DATA ===
N: 1
Variant: dna
Steps: 2

--- ONE_SHOT STDOUT ---

=== Quantum LABS Simulation (DNA) ===
N=1, Shots=100000, Steps=2
Computing Counter-Diabatic angles...
Running Kernel: dna (Single Run)...
Collected 2 elite candidates from 100000 shots.
--> Exporting 2 samples to 'warm_starts/warm_n1_st2_vdna.txt' (Target Size: 128)...
=== Complete ===


--- ONE_SHOT STDERR ---

--- RUNOPT STDOUT ---
>>> Injected 128 Elite Candidates from warm_starts/warm_n1_st2_vdna.txt
>>> Remaining 8064 are Random.
--- Starting Optimization (N=1, Target=0) ---

============================================================
RESULTS FOR N=1
------------------------------------------------------------
Status:             SUCCESS
Best Energy:        0 (Target: 0)
Direct TTS (sec):   0.0002 s
Total Moves:        8192000
Equivalent Evals:   8192000
Throughput:         38602.9065 M-Moves/sec
Best Bitstring:     1
============================================================

--- RUNOPT STDERR ---


PARSED METRICS:
Total Moves: 8192000
Equiv Evals: 8192000
Best Bitstring: 1
