=== RUN DATA ===
N: 13
Variant: jenga
Steps: 1

--- ONE_SHOT STDOUT ---

=== Quantum LABS Simulation (JENGA) ===
N=13, Shots=100000, Steps=1
Computing Counter-Diabatic angles...
Running Kernel: jenga (Single Run)...
Collected 128 elite candidates from 100000 shots.
--> Exporting 128 samples to 'warm_starts/warm_n13_st1_vjenga.txt' (Target Size: 128)...
=== Complete ===


--- ONE_SHOT STDERR ---

--- RUNOPT STDOUT ---
>>> Injected 128 Elite Candidates from warm_starts/warm_n13_st1_vjenga.txt
>>> Remaining 8064 are Random.
--- Starting Optimization (N=13, Target=6) ---

============================================================
RESULTS FOR N=13
------------------------------------------------------------
Status:             SUCCESS
Best Energy:        6 (Target: 6)
Direct TTS (sec):   0.0006 s
Total Moves:        8192000
Equivalent Evals:   106496000
Throughput:         14612.9408 M-Moves/sec
Best Bitstring:     0000011001010
============================================================

--- RUNOPT STDERR ---


PARSED METRICS:
Total Moves: 8192000
Equiv Evals: 106496000
Best Bitstring: 0000011001010
