=== RUN DATA ===
N: 16
Variant: dna
Steps: 2

--- ONE_SHOT STDOUT ---

=== Quantum LABS Simulation (DNA) ===
N=16, Shots=100000, Steps=2
Computing Counter-Diabatic angles...
Running Kernel: dna (Single Run)...
Collected 128 elite candidates from 100000 shots.
--> Exporting 128 samples to 'warm_starts/warm_n16_st2_vdna.txt' (Target Size: 128)...
=== Complete ===


--- ONE_SHOT STDERR ---

--- RUNOPT STDOUT ---
>>> Injected 128 Elite Candidates from warm_starts/warm_n16_st2_vdna.txt
>>> Remaining 8064 are Random.
--- Starting Optimization (N=16, Target=24) ---

============================================================
RESULTS FOR N=16
------------------------------------------------------------
Status:             SUCCESS
Best Energy:        24 (Target: 24)
Direct TTS (sec):   0.0007 s
Total Moves:        8192000
Equivalent Evals:   131072000
Throughput:         12085.4657 M-Moves/sec
Best Bitstring:     0010001000011110
============================================================

--- RUNOPT STDERR ---


PARSED METRICS:
Total Moves: 8192000
Equiv Evals: 131072000
Best Bitstring: 0010001000011110
