=== BEYBLADE BENCHMARK ===
N: 24
Method: sqrt
Steps: 10
--- SIMULATION STDOUT ---

=== Quantum LABS Simulation (BEYBLADE) ===
N=24, Shots=100000, Steps=10, Lambda=sqrt
Simulation Complete. Candidates exported to warm_starts/warm_n24_st10_vbeyblade_m_sqrt.bin

--- SIMULATION STDERR ---

--- RUNOPT STDOUT ---
>>> Injected 128 Elite Candidates from warm_starts/warm_n24_st10_vbeyblade_m_sqrt.bin
>>> Remaining 8064 are Random.
--- Starting Optimization (N=24, Target=36) ---

============================================================
RESULTS FOR N=24
------------------------------------------------------------
Status:             SUCCESS
Best Energy:        36 (Target: 36)
Direct TTS (sec):   0.0153 s
Total Moves:        8192000
Equivalent Evals:   196608000
Throughput:         535.7547 M-Moves/sec
Best Bitstring:     001100011111101010110110
============================================================

--- RUNOPT STDERR ---

