=== RUN DATA ===
N: 22
Variant: jenga
Steps: 1

--- ONE_SHOT STDOUT ---

=== Quantum LABS Simulation (JENGA) ===
N=22, Shots=100000, Steps=1
Computing Counter-Diabatic angles...
Running Kernel: jenga (Single Run)...
Collected 128 elite candidates from 100000 shots.
--> Exporting 128 samples to 'warm_starts/warm_n22_st1_vjenga.txt' (Target Size: 128)...
=== Complete ===


--- ONE_SHOT STDERR ---

--- RUNOPT STDOUT ---
>>> Injected 128 Elite Candidates from warm_starts/warm_n22_st1_vjenga.txt
>>> Remaining 8064 are Random.
--- Starting Optimization (N=22, Target=39) ---

============================================================
RESULTS FOR N=22
------------------------------------------------------------
Status:             SUCCESS
Best Energy:        39 (Target: 39)
Direct TTS (sec):   0.0033 s
Total Moves:        8192000
Equivalent Evals:   180224000
Throughput:         2473.6719 M-Moves/sec
Best Bitstring:     0100100111111001110101
============================================================

--- RUNOPT STDERR ---


PARSED METRICS:
Total Moves: 8192000
Equiv Evals: 180224000
Best Bitstring: 0100100111111001110101
