=== RUN DATA ===
N: 24
Variant: jenga
Steps: 1

--- ONE_SHOT STDOUT ---

=== Quantum LABS Simulation (JENGA) ===
N=24, Shots=100000, Steps=1
Computing Counter-Diabatic angles...
Running Kernel: jenga (Single Run)...
Collected 128 elite candidates from 100000 shots.
--> Exporting 128 samples to 'warm_starts/warm_n24_st1_vjenga.txt' (Target Size: 128)...
=== Complete ===


--- ONE_SHOT STDERR ---

--- RUNOPT STDOUT ---
>>> Injected 128 Elite Candidates from warm_starts/warm_n24_st1_vjenga.txt
>>> Remaining 8064 are Random.
--- Starting Optimization (N=24, Target=36) ---

============================================================
RESULTS FOR N=24
------------------------------------------------------------
Status:             SUCCESS
Best Energy:        36 (Target: 36)
Direct TTS (sec):   0.0151 s
Total Moves:        8192000
Equivalent Evals:   196608000
Throughput:         542.9273 M-Moves/sec
Best Bitstring:     110001111111010100100110
============================================================

--- RUNOPT STDERR ---


PARSED METRICS:
Total Moves: 8192000
Equiv Evals: 196608000
Best Bitstring: 110001111111010100100110
