=== BEYBLADE BENCHMARK ===
N: 13
Method: linear
Steps: 100
--- SIMULATION STDOUT ---

=== Quantum LABS Simulation (BEYBLADE) ===
N=13, Shots=100000, Steps=10, Lambda=linear
Simulation Complete. Candidates exported to warm_starts/warm_n13_st100_vbeyblade_m_linear.bin

--- SIMULATION STDERR ---

--- RUNOPT STDOUT ---
>>> Injected 128 Elite Candidates from warm_starts/warm_n13_st100_vbeyblade_m_linear.bin
>>> Remaining 8064 are Random.
--- Starting Optimization (N=13, Target=6) ---

============================================================
RESULTS FOR N=13
------------------------------------------------------------
Status:             SUCCESS
Best Energy:        6 (Target: 6)
Direct TTS (sec):   0.0005 s
Total Moves:        8192000
Equivalent Evals:   106496000
Throughput:         15125.6936 M-Moves/sec
Best Bitstring:     1111100110101
============================================================

--- RUNOPT STDERR ---

