=== RUN DATA ===
N: 20
Variant: dna
Steps: 1

--- ONE_SHOT STDOUT ---

=== Quantum LABS Simulation (DNA) ===
N=20, Shots=100000, Steps=1
Computing Counter-Diabatic angles...
Running Kernel: dna (Single Run)...
Collected 128 elite candidates from 100000 shots.
--> Exporting 128 samples to 'warm_starts/warm_n20_st1_vdna.txt' (Target Size: 128)...
=== Complete ===


--- ONE_SHOT STDERR ---

--- RUNOPT STDOUT ---
>>> Injected 128 Elite Candidates from warm_starts/warm_n20_st1_vdna.txt
>>> Remaining 8064 are Random.
--- Starting Optimization (N=20, Target=26) ---

============================================================
RESULTS FOR N=20
------------------------------------------------------------
Status:             SUCCESS
Best Energy:        26 (Target: 26)
Direct TTS (sec):   0.0013 s
Total Moves:        8192000
Equivalent Evals:   163840000
Throughput:         6362.4269 M-Moves/sec
Best Bitstring:     00000101110100111001
============================================================

--- RUNOPT STDERR ---


PARSED METRICS:
Total Moves: 8192000
Equiv Evals: 163840000
Best Bitstring: 00000101110100111001
