=== BEYBLADE BENCHMARK ===
N: 15
Method: linear
Steps: 10
--- SIMULATION STDOUT ---

=== Quantum LABS Simulation (BEYBLADE) ===
N=15, Shots=100000, Steps=10, Lambda=linear
Simulation Complete. Candidates exported to warm_starts/warm_n15_st10_vbeyblade_m_linear.bin

--- SIMULATION STDERR ---

--- RUNOPT STDOUT ---
>>> Injected 128 Elite Candidates from warm_starts/warm_n15_st10_vbeyblade_m_linear.bin
>>> Remaining 8064 are Random.
--- Starting Optimization (N=15, Target=15) ---

============================================================
RESULTS FOR N=15
------------------------------------------------------------
Status:             SUCCESS
Best Energy:        15 (Target: 15)
Direct TTS (sec):   0.0006 s
Total Moves:        8192000
Equivalent Evals:   122880000
Throughput:         13583.9646 M-Moves/sec
Best Bitstring:     101101110111000
============================================================

--- RUNOPT STDERR ---

