=== RUN DATA ===
N: 29
Variant: dna
Steps: 1

--- ONE_SHOT STDOUT ---

=== Quantum LABS Simulation (DNA) ===
N=29, Shots=100000, Steps=1
Computing Counter-Diabatic angles...
Running Kernel: dna (Single Run)...
Collected 128 elite candidates from 100000 shots.
--> Exporting 128 samples to 'warm_starts/warm_n29_st1_vdna.txt' (Target Size: 128)...
=== Complete ===


--- ONE_SHOT STDERR ---

--- RUNOPT STDOUT ---
>>> Injected 128 Elite Candidates from warm_starts/warm_n29_st1_vdna.txt
>>> Remaining 8064 are Random.
--- Starting Optimization (N=29, Target=62) ---

============================================================
RESULTS FOR N=29
------------------------------------------------------------
Status:             SUCCESS
Best Energy:        62 (Target: 62)
Direct TTS (sec):   0.0240 s
Total Moves:        8192000
Equivalent Evals:   237568000
Throughput:         341.4844 M-Moves/sec
Best Bitstring:     10001111000100010001001011011
============================================================

--- RUNOPT STDERR ---


PARSED METRICS:
Total Moves: 8192000
Equiv Evals: 237568000
Best Bitstring: 10001111000100010001001011011
