=== BEYBLADE BENCHMARK ===
N: 12
Method: trig
Steps: 100
--- SIMULATION STDOUT ---

=== Quantum LABS Simulation (BEYBLADE) ===
N=12, Shots=100000, Steps=10, Lambda=trig
Simulation Complete. Candidates exported to warm_starts/warm_n12_st100_vbeyblade_m_trig.bin

--- SIMULATION STDERR ---

--- RUNOPT STDOUT ---
>>> Injected 128 Elite Candidates from warm_starts/warm_n12_st100_vbeyblade_m_trig.bin
>>> Remaining 8064 are Random.
--- Starting Optimization (N=12, Target=10) ---

============================================================
RESULTS FOR N=12
------------------------------------------------------------
Status:             SUCCESS
Best Energy:        10 (Target: 10)
Direct TTS (sec):   0.0005 s
Total Moves:        8192000
Equivalent Evals:   98304000
Throughput:         16056.7002 M-Moves/sec
Best Bitstring:     101000001100
============================================================

--- RUNOPT STDERR ---

