=== BEYBLADE BENCHMARK ===
N: 25
Method: sqrt
Steps: 10
--- SIMULATION STDOUT ---

=== Quantum LABS Simulation (BEYBLADE) ===
N=25, Shots=100000, Steps=10, Lambda=sqrt
Simulation Complete. Candidates exported to warm_starts/warm_n25_st10_vbeyblade_m_sqrt.bin

--- SIMULATION STDERR ---

--- RUNOPT STDOUT ---
>>> Injected 128 Elite Candidates from warm_starts/warm_n25_st10_vbeyblade_m_sqrt.bin
>>> Remaining 8064 are Random.
--- Starting Optimization (N=25, Target=36) ---

============================================================
RESULTS FOR N=25
------------------------------------------------------------
Status:             SUCCESS
Best Energy:        36 (Target: 36)
Direct TTS (sec):   0.0213 s
Total Moves:        8192000
Equivalent Evals:   204800000
Throughput:         384.6004 M-Moves/sec
Best Bitstring:     0001110000000101011011001
============================================================

--- RUNOPT STDERR ---

