=== BEYBLADE BENCHMARK ===
N: 24
Method: trig
Steps: 10
--- SIMULATION STDOUT ---

=== Quantum LABS Simulation (BEYBLADE) ===
N=24, Shots=100000, Steps=10, Lambda=trig
Simulation Complete. Candidates exported to warm_starts/warm_n24_st10_vbeyblade_m_trig.bin

--- SIMULATION STDERR ---

--- RUNOPT STDOUT ---
>>> Injected 128 Elite Candidates from warm_starts/warm_n24_st10_vbeyblade_m_trig.bin
>>> Remaining 8064 are Random.
--- Starting Optimization (N=24, Target=36) ---

============================================================
RESULTS FOR N=24
------------------------------------------------------------
Status:             SUCCESS
Best Energy:        36 (Target: 36)
Direct TTS (sec):   0.0151 s
Total Moves:        8192000
Equivalent Evals:   196608000
Throughput:         542.4446 M-Moves/sec
Best Bitstring:     011011010101111110001100
============================================================

--- RUNOPT STDERR ---

