=== RUN DATA ===
N: 30
Variant: dna
Steps: 2

--- ONE_SHOT STDOUT ---

=== Quantum LABS Simulation (DNA) ===
N=30, Shots=100000, Steps=2
Computing Counter-Diabatic angles...
Running Kernel: dna (Single Run)...
Collected 128 elite candidates from 100000 shots.
--> Exporting 128 samples to 'warm_starts/warm_n30_st2_vdna.txt' (Target Size: 128)...
=== Complete ===


--- ONE_SHOT STDERR ---

--- RUNOPT STDOUT ---
>>> Injected 128 Elite Candidates from warm_starts/warm_n30_st2_vdna.txt
>>> Remaining 8064 are Random.
--- Starting Optimization (N=30, Target=59) ---

============================================================
RESULTS FOR N=30
------------------------------------------------------------
Status:             SUCCESS
Best Energy:        59 (Target: 59)
Direct TTS (sec):   0.0246 s
Total Moves:        8192000
Equivalent Evals:   245760000
Throughput:         333.5711 M-Moves/sec
Best Bitstring:     111100000010010010101000110001
============================================================

--- RUNOPT STDERR ---


PARSED METRICS:
Total Moves: 8192000
Equiv Evals: 245760000
Best Bitstring: 111100000010010010101000110001
