=== RUN DATA ===
N: 18
Variant: dna
Steps: 2

--- ONE_SHOT STDOUT ---

=== Quantum LABS Simulation (DNA) ===
N=18, Shots=100000, Steps=2
Computing Counter-Diabatic angles...
Running Kernel: dna (Single Run)...
Collected 128 elite candidates from 100000 shots.
--> Exporting 128 samples to 'warm_starts/warm_n18_st2_vdna.txt' (Target Size: 128)...
=== Complete ===


--- ONE_SHOT STDERR ---

--- RUNOPT STDOUT ---
>>> Injected 128 Elite Candidates from warm_starts/warm_n18_st2_vdna.txt
>>> Remaining 8064 are Random.
--- Starting Optimization (N=18, Target=25) ---

============================================================
RESULTS FOR N=18
------------------------------------------------------------
Status:             SUCCESS
Best Energy:        25 (Target: 25)
Direct TTS (sec):   0.0008 s
Total Moves:        8192000
Equivalent Evals:   147456000
Throughput:         10105.4086 M-Moves/sec
Best Bitstring:     010100001111011001
============================================================

--- RUNOPT STDERR ---


PARSED METRICS:
Total Moves: 8192000
Equiv Evals: 147456000
Best Bitstring: 010100001111011001
