=== BEYBLADE BENCHMARK ===
N: 5
Method: sqrt
Steps: 10
--- SIMULATION STDOUT ---

=== Quantum LABS Simulation (BEYBLADE) ===
N=5, Shots=100000, Steps=10, Lambda=sqrt
Simulation Complete. Candidates exported to warm_starts/warm_n5_st10_vbeyblade_m_sqrt.bin

--- SIMULATION STDERR ---

--- RUNOPT STDOUT ---
>>> Injected 128 Elite Candidates from warm_starts/warm_n5_st10_vbeyblade_m_sqrt.bin
>>> Remaining 8064 are Random.
--- Starting Optimization (N=5, Target=2) ---

============================================================
RESULTS FOR N=5
------------------------------------------------------------
Status:             SUCCESS
Best Energy:        2 (Target: 2)
Direct TTS (sec):   0.0003 s
Total Moves:        8192000
Equivalent Evals:   40960000
Throughput:         28878.4230 M-Moves/sec
Best Bitstring:     11101
============================================================

--- RUNOPT STDERR ---

