=== BEYBLADE BENCHMARK ===
N: 6
Method: cuberoot
Steps: 10
--- SIMULATION STDOUT ---

=== Quantum LABS Simulation (BEYBLADE) ===
N=6, Shots=100000, Steps=10, Lambda=cuberoot
Simulation Complete. Candidates exported to warm_starts/warm_n6_st10_vbeyblade_m_cuberoot.bin

--- SIMULATION STDERR ---

--- RUNOPT STDOUT ---
>>> Injected 128 Elite Candidates from warm_starts/warm_n6_st10_vbeyblade_m_cuberoot.bin
>>> Remaining 8064 are Random.
--- Starting Optimization (N=6, Target=7) ---

============================================================
RESULTS FOR N=6
------------------------------------------------------------
Status:             SUCCESS
Best Energy:        7 (Target: 7)
Direct TTS (sec):   0.0003 s
Total Moves:        8192000
Equivalent Evals:   49152000
Throughput:         28369.3838 M-Moves/sec
Best Bitstring:     101111
============================================================

--- RUNOPT STDERR ---

