=== RUN DATA ===
N: 3
Variant: jenga
Steps: 2

--- ONE_SHOT STDOUT ---

=== Quantum LABS Simulation (JENGA) ===
N=3, Shots=100000, Steps=2
Computing Counter-Diabatic angles...
Running Kernel: jenga (Single Run)...
Collected 8 elite candidates from 100000 shots.
--> Exporting 8 samples to 'warm_starts/warm_n3_st2_vjenga.txt' (Target Size: 128)...
=== Complete ===


--- ONE_SHOT STDERR ---

--- RUNOPT STDOUT ---
>>> Injected 128 Elite Candidates from warm_starts/warm_n3_st2_vjenga.txt
>>> Remaining 8064 are Random.
--- Starting Optimization (N=3, Target=1) ---

============================================================
RESULTS FOR N=3
------------------------------------------------------------
Status:             SUCCESS
Best Energy:        1 (Target: 1)
Direct TTS (sec):   0.0003 s
Total Moves:        8192000
Equivalent Evals:   24576000
Throughput:         32183.1675 M-Moves/sec
Best Bitstring:     011
============================================================

--- RUNOPT STDERR ---


PARSED METRICS:
Total Moves: 8192000
Equiv Evals: 24576000
Best Bitstring: 011
