=== JENGA BENCHMARK ===
N: 18
Method: trig
Steps: 10
--- SIMULATION STDOUT ---

=== Quantum LABS Simulation (JENGA) ===
N=18, Shots=100000, Steps=10, Lambda=trig
Simulation Complete. Candidates exported to warm_starts/warm_n18_st10_vjenga_m_trig.bin

--- SIMULATION STDERR ---

--- RUNOPT STDOUT ---
>>> Injected 128 Elite Candidates from warm_starts/warm_n18_st10_vjenga_m_trig.bin
>>> Remaining 8064 are Random.
--- Starting Optimization (N=18, Target=25) ---

============================================================
RESULTS FOR N=18
------------------------------------------------------------
Status:             SUCCESS
Best Energy:        25 (Target: 25)
Direct TTS (sec):   0.0009 s
Total Moves:        8192000
Equivalent Evals:   147456000
Throughput:         9279.7437 M-Moves/sec
Best Bitstring:     011001101011110000
============================================================

--- RUNOPT STDERR ---

