=== RUN DATA ===
N: 16
Variant: jenga
Steps: 2

--- ONE_SHOT STDOUT ---

=== Quantum LABS Simulation (JENGA) ===
N=16, Shots=100000, Steps=2
Computing Counter-Diabatic angles...
Running Kernel: jenga (Single Run)...
Collected 128 elite candidates from 100000 shots.
--> Exporting 128 samples to 'warm_starts/warm_n16_st2_vjenga.txt' (Target Size: 128)...
=== Complete ===


--- ONE_SHOT STDERR ---

--- RUNOPT STDOUT ---
>>> Injected 128 Elite Candidates from warm_starts/warm_n16_st2_vjenga.txt
>>> Remaining 8064 are Random.
--- Starting Optimization (N=16, Target=24) ---

============================================================
RESULTS FOR N=16
------------------------------------------------------------
Status:             SUCCESS
Best Energy:        24 (Target: 24)
Direct TTS (sec):   0.0007 s
Total Moves:        8192000
Equivalent Evals:   131072000
Throughput:         12031.3296 M-Moves/sec
Best Bitstring:     1000011110111011
============================================================

--- RUNOPT STDERR ---


PARSED METRICS:
Total Moves: 8192000
Equiv Evals: 131072000
Best Bitstring: 1000011110111011
