=== BEYBLADE BENCHMARK ===
N: 15
Method: cuberoot
Steps: 100
--- SIMULATION STDOUT ---

=== Quantum LABS Simulation (BEYBLADE) ===
N=15, Shots=100000, Steps=10, Lambda=cuberoot
Simulation Complete. Candidates exported to warm_starts/warm_n15_st100_vbeyblade_m_cuberoot.bin

--- SIMULATION STDERR ---

--- RUNOPT STDOUT ---
>>> Injected 128 Elite Candidates from warm_starts/warm_n15_st100_vbeyblade_m_cuberoot.bin
>>> Remaining 8064 are Random.
--- Starting Optimization (N=15, Target=15) ---

============================================================
RESULTS FOR N=15
------------------------------------------------------------
Status:             SUCCESS
Best Energy:        15 (Target: 15)
Direct TTS (sec):   0.0006 s
Total Moves:        8192000
Equivalent Evals:   122880000
Throughput:         13946.3935 M-Moves/sec
Best Bitstring:     000001100110101
============================================================

--- RUNOPT STDERR ---

