=== RUN DATA ===
N: 28
Variant: jenga
Steps: 2

--- ONE_SHOT STDOUT ---

=== Quantum LABS Simulation (JENGA) ===
N=28, Shots=100000, Steps=2
Computing Counter-Diabatic angles...
Running Kernel: jenga (Single Run)...
Collected 128 elite candidates from 100000 shots.
--> Exporting 128 samples to 'warm_starts/warm_n28_st2_vjenga.txt' (Target Size: 128)...
=== Complete ===


--- ONE_SHOT STDERR ---

--- RUNOPT STDOUT ---
>>> Injected 128 Elite Candidates from warm_starts/warm_n28_st2_vjenga.txt
>>> Remaining 8064 are Random.
--- Starting Optimization (N=28, Target=50) ---

============================================================
RESULTS FOR N=28
------------------------------------------------------------
Status:             SUCCESS
Best Energy:        50 (Target: 50)
Direct TTS (sec):   0.0236 s
Total Moves:        8192000
Equivalent Evals:   229376000
Throughput:         347.1148 M-Moves/sec
Best Bitstring:     0111000011101110111011010010
============================================================

--- RUNOPT STDERR ---


PARSED METRICS:
Total Moves: 8192000
Equiv Evals: 229376000
Best Bitstring: 0111000011101110111011010010
