=== RUN DATA ===
N: 8
Variant: beyblade
Steps: 1

--- ONE_SHOT STDOUT ---

=== Quantum LABS Simulation (BEYBLADE) ===
N=8, Shots=100000, Steps=1
Computing Counter-Diabatic angles...
Running Kernel: beyblade (Single Run)...
Collected 128 elite candidates from 100000 shots.
--> Exporting 128 samples to 'warm_starts/warm_n8_st1_vbeyblade.txt' (Target Size: 128)...
=== Complete ===


--- ONE_SHOT STDERR ---

--- RUNOPT STDOUT ---
>>> Injected 128 Elite Candidates from warm_starts/warm_n8_st1_vbeyblade.txt
>>> Remaining 8064 are Random.
--- Starting Optimization (N=8, Target=8) ---

============================================================
RESULTS FOR N=8
------------------------------------------------------------
Status:             SUCCESS
Best Energy:        8 (Target: 8)
Direct TTS (sec):   0.0003 s
Total Moves:        8192000
Equivalent Evals:   65536000
Throughput:         25020.6164 M-Moves/sec
Best Bitstring:     11100101
============================================================

--- RUNOPT STDERR ---


PARSED METRICS:
Total Moves: 8192000
Equiv Evals: 65536000
Best Bitstring: 11100101
