=== RUN DATA ===
N: 25
Variant: dna
Steps: 1

--- ONE_SHOT STDOUT ---

=== Quantum LABS Simulation (DNA) ===
N=25, Shots=100000, Steps=1
Computing Counter-Diabatic angles...
Running Kernel: dna (Single Run)...
Collected 128 elite candidates from 100000 shots.
--> Exporting 128 samples to 'warm_starts/warm_n25_st1_vdna.txt' (Target Size: 128)...
=== Complete ===


--- ONE_SHOT STDERR ---

--- RUNOPT STDOUT ---
>>> Injected 128 Elite Candidates from warm_starts/warm_n25_st1_vdna.txt
>>> Remaining 8064 are Random.
--- Starting Optimization (N=25, Target=36) ---

============================================================
RESULTS FOR N=25
------------------------------------------------------------
Status:             SUCCESS
Best Energy:        36 (Target: 36)
Direct TTS (sec):   0.0217 s
Total Moves:        8192000
Equivalent Evals:   204800000
Throughput:         378.0473 M-Moves/sec
Best Bitstring:     0110010010101111111000111
============================================================

--- RUNOPT STDERR ---


PARSED METRICS:
Total Moves: 8192000
Equiv Evals: 204800000
Best Bitstring: 0110010010101111111000111
