=== RUN DATA ===
N: 18
Variant: beyblade
Steps: 2

--- ONE_SHOT STDOUT ---

=== Quantum LABS Simulation (BEYBLADE) ===
N=18, Shots=100000, Steps=2
Computing Counter-Diabatic angles...
Running Kernel: beyblade (Single Run)...
Collected 128 elite candidates from 100000 shots.
--> Exporting 128 samples to 'warm_starts/warm_n18_st2_vbeyblade.txt' (Target Size: 128)...
=== Complete ===


--- ONE_SHOT STDERR ---

--- RUNOPT STDOUT ---
>>> Injected 128 Elite Candidates from warm_starts/warm_n18_st2_vbeyblade.txt
>>> Remaining 8064 are Random.
--- Starting Optimization (N=18, Target=25) ---

============================================================
RESULTS FOR N=18
------------------------------------------------------------
Status:             SUCCESS
Best Energy:        25 (Target: 25)
Direct TTS (sec):   0.0008 s
Total Moves:        8192000
Equivalent Evals:   147456000
Throughput:         9721.7920 M-Moves/sec
Best Bitstring:     111110100101110011
============================================================

--- RUNOPT STDERR ---


PARSED METRICS:
Total Moves: 8192000
Equiv Evals: 147456000
Best Bitstring: 111110100101110011
