=== RUN DATA ===
N: 7
Variant: jenga
Steps: 2

--- ONE_SHOT STDOUT ---

=== Quantum LABS Simulation (JENGA) ===
N=7, Shots=100000, Steps=2
Computing Counter-Diabatic angles...
Running Kernel: jenga (Single Run)...
Collected 128 elite candidates from 100000 shots.
--> Exporting 128 samples to 'warm_starts/warm_n7_st2_vjenga.txt' (Target Size: 128)...
=== Complete ===


--- ONE_SHOT STDERR ---

--- RUNOPT STDOUT ---
>>> Injected 128 Elite Candidates from warm_starts/warm_n7_st2_vjenga.txt
>>> Remaining 8064 are Random.
--- Starting Optimization (N=7, Target=3) ---

============================================================
RESULTS FOR N=7
------------------------------------------------------------
Status:             SUCCESS
Best Energy:        3 (Target: 3)
Direct TTS (sec):   0.0003 s
Total Moves:        8192000
Equivalent Evals:   57344000
Throughput:         25168.0533 M-Moves/sec
Best Bitstring:     1110010
============================================================

--- RUNOPT STDERR ---


PARSED METRICS:
Total Moves: 8192000
Equiv Evals: 57344000
Best Bitstring: 1110010
