=== BEYBLADE BENCHMARK ===
N: 24
Method: linear
Steps: 10
--- SIMULATION STDOUT ---

=== Quantum LABS Simulation (BEYBLADE) ===
N=24, Shots=100000, Steps=10, Lambda=linear
Simulation Complete. Candidates exported to warm_starts/warm_n24_st10_vbeyblade_m_linear.bin

--- SIMULATION STDERR ---

--- RUNOPT STDOUT ---
>>> Injected 128 Elite Candidates from warm_starts/warm_n24_st10_vbeyblade_m_linear.bin
>>> Remaining 8064 are Random.
--- Starting Optimization (N=24, Target=36) ---

============================================================
RESULTS FOR N=24
------------------------------------------------------------
Status:             SUCCESS
Best Energy:        36 (Target: 36)
Direct TTS (sec):   0.0157 s
Total Moves:        8192000
Equivalent Evals:   196608000
Throughput:         521.0442 M-Moves/sec
Best Bitstring:     011001001010111111100011
============================================================

--- RUNOPT STDERR ---

