=== BEYBLADE BENCHMARK ===
N: 27
Method: cuberoot
Steps: 10
--- SIMULATION STDOUT ---

=== Quantum LABS Simulation (BEYBLADE) ===
N=27, Shots=100000, Steps=10, Lambda=cuberoot
Simulation Complete. Candidates exported to warm_starts/warm_n27_st10_vbeyblade_m_cuberoot.bin

--- SIMULATION STDERR ---

--- RUNOPT STDOUT ---
>>> Injected 128 Elite Candidates from warm_starts/warm_n27_st10_vbeyblade_m_cuberoot.bin
>>> Remaining 8064 are Random.
--- Starting Optimization (N=27, Target=37) ---

============================================================
RESULTS FOR N=27
------------------------------------------------------------
Status:             SUCCESS
Best Energy:        37 (Target: 37)
Direct TTS (sec):   0.0232 s
Total Moves:        8192000
Equivalent Evals:   221184000
Throughput:         352.5409 M-Moves/sec
Best Bitstring:     010010110111011101110000111
============================================================

--- RUNOPT STDERR ---

