=== BEYBLADE BENCHMARK ===
N: 9
Method: linear
Steps: 100
--- SIMULATION STDOUT ---

=== Quantum LABS Simulation (BEYBLADE) ===
N=9, Shots=100000, Steps=10, Lambda=linear
Simulation Complete. Candidates exported to warm_starts/warm_n9_st100_vbeyblade_m_linear.bin

--- SIMULATION STDERR ---

--- RUNOPT STDOUT ---
>>> Injected 128 Elite Candidates from warm_starts/warm_n9_st100_vbeyblade_m_linear.bin
>>> Remaining 8064 are Random.
--- Starting Optimization (N=9, Target=12) ---

============================================================
RESULTS FOR N=9
------------------------------------------------------------
Status:             SUCCESS
Best Energy:        12 (Target: 12)
Direct TTS (sec):   0.0004 s
Total Moves:        8192000
Equivalent Evals:   73728000
Throughput:         22663.5792 M-Moves/sec
Best Bitstring:     111100101
============================================================

--- RUNOPT STDERR ---

